C:\USERS\CARLOS.MARCHANI\DOCUMENTS\MY APPLICATIONS\CNL EXAMPLES\P10839\PONG\PONG\DEBUG\PONG.PCH
C:\USERS\CARLOS.MARCHANI\DOCUMENTS\MY APPLICATIONS\CNL EXAMPLES\P10839\PONG\PONG\DEBUG\STDAFX.OBJ
C:\USERS\CARLOS.MARCHANI\DOCUMENTS\MY APPLICATIONS\CNL EXAMPLES\P10839\PONG\PONG\DEBUG\VC110.PDB
C:\USERS\CARLOS.MARCHANI\DOCUMENTS\MY APPLICATIONS\CNL EXAMPLES\P10839\PONG\PONG\DEBUG\TGAMECONTROLLER.OBJ
C:\USERS\CARLOS.MARCHANI\DOCUMENTS\MY APPLICATIONS\CNL EXAMPLES\P10839\PONG\PONG\DEBUG\TBITMAPFONT.OBJ
C:\USERS\CARLOS.MARCHANI\DOCUMENTS\MY APPLICATIONS\CNL EXAMPLES\P10839\PONG\PONG\DEBUG\TIMAGE.OBJ
C:\USERS\CARLOS.MARCHANI\DOCUMENTS\MY APPLICATIONS\CNL EXAMPLES\P10839\PONG\PONG\DEBUG\LODEPNG.OBJ
C:\USERS\CARLOS.MARCHANI\DOCUMENTS\MY APPLICATIONS\CNL EXAMPLES\P10839\PONG\PONG\DEBUG\TTEXTURE2D.OBJ
C:\USERS\CARLOS.MARCHANI\DOCUMENTS\MY APPLICATIONS\CNL EXAMPLES\P10839\PONG\PONG\DEBUG\TTGAFILEREADER.OBJ
C:\USERS\CARLOS.MARCHANI\DOCUMENTS\MY APPLICATIONS\CNL EXAMPLES\P10839\PONG\PONG\DEBUG\IMAGERENDERMANAGER.OBJ
C:\USERS\CARLOS.MARCHANI\DOCUMENTS\MY APPLICATIONS\CNL EXAMPLES\P10839\PONG\PONG\DEBUG\SPRITESHEET.OBJ
C:\USERS\CARLOS.MARCHANI\DOCUMENTS\MY APPLICATIONS\CNL EXAMPLES\P10839\PONG\PONG\DEBUG\TBALL.OBJ
C:\USERS\CARLOS.MARCHANI\DOCUMENTS\MY APPLICATIONS\CNL EXAMPLES\P10839\PONG\PONG\DEBUG\TTEXTUREMANAGER.OBJ
C:\USERS\CARLOS.MARCHANI\DOCUMENTS\MY APPLICATIONS\CNL EXAMPLES\P10839\PONG\PONG\DEBUG\TMODEL.OBJ
C:\USERS\CARLOS.MARCHANI\DOCUMENTS\MY APPLICATIONS\CNL EXAMPLES\P10839\PONG\PONG\DEBUG\TPADDLE.OBJ
C:\USERS\CARLOS.MARCHANI\DOCUMENTS\MY APPLICATIONS\CNL EXAMPLES\P10839\PONG\PONG\DEBUG\GAMESCENE.OBJ
C:\USERS\CARLOS.MARCHANI\DOCUMENTS\MY APPLICATIONS\CNL EXAMPLES\P10839\PONG\PONG\DEBUG\TWALL.OBJ
C:\USERS\CARLOS.MARCHANI\DOCUMENTS\MY APPLICATIONS\CNL EXAMPLES\P10839\PONG\PONG\DEBUG\TIMAGERENDERMANAGER.OBJ
C:\USERS\CARLOS.MARCHANI\DOCUMENTS\MY APPLICATIONS\CNL EXAMPLES\P10839\PONG\PONG\DEBUG\TSPRITESHEET.OBJ
C:\USERS\CARLOS.MARCHANI\DOCUMENTS\MY APPLICATIONS\CNL EXAMPLES\P10839\PONG\PONG\DEBUG\TGAMESCENE.OBJ
C:\USERS\CARLOS.MARCHANI\DOCUMENTS\MY APPLICATIONS\CNL EXAMPLES\P10839\PONG\DEBUG\PONG.ILK
C:\USERS\CARLOS.MARCHANI\DOCUMENTS\MY APPLICATIONS\CNL EXAMPLES\P10839\PONG\DEBUG\PONG.EXE
C:\USERS\CARLOS.MARCHANI\DOCUMENTS\MY APPLICATIONS\CNL EXAMPLES\P10839\PONG\DEBUG\PONG.PDB
C:\Users\carlos.marchani\Documents\My Applications\CNL Examples\P10839\Pong\Pong\Debug\GameScene.obj
C:\Users\carlos.marchani\Documents\My Applications\CNL Examples\P10839\Pong\Pong\Debug\ImageRenderManager.obj
C:\Users\carlos.marchani\Documents\My Applications\CNL Examples\P10839\Pong\Pong\Debug\lodepng.obj
C:\Users\carlos.marchani\Documents\My Applications\CNL Examples\P10839\Pong\Pong\Debug\SpriteSheet.obj
C:\Users\carlos.marchani\Documents\My Applications\CNL Examples\P10839\Pong\Pong\Debug\stdafx.obj
C:\Users\carlos.marchani\Documents\My Applications\CNL Examples\P10839\Pong\Pong\Debug\tBall.obj
C:\Users\carlos.marchani\Documents\My Applications\CNL Examples\P10839\Pong\Pong\Debug\tBitmapFont.obj
C:\Users\carlos.marchani\Documents\My Applications\CNL Examples\P10839\Pong\Pong\Debug\tGameController.obj
C:\Users\carlos.marchani\Documents\My Applications\CNL Examples\P10839\Pong\Pong\Debug\tGameScene.obj
C:\Users\carlos.marchani\Documents\My Applications\CNL Examples\P10839\Pong\Pong\Debug\tImage.obj
C:\Users\carlos.marchani\Documents\My Applications\CNL Examples\P10839\Pong\Pong\Debug\tImageRenderManager.obj
C:\Users\carlos.marchani\Documents\My Applications\CNL Examples\P10839\Pong\Pong\Debug\tModel.obj
C:\Users\carlos.marchani\Documents\My Applications\CNL Examples\P10839\Pong\Pong\Debug\tPaddle.obj
C:\Users\carlos.marchani\Documents\My Applications\CNL Examples\P10839\Pong\Pong\Debug\tSpriteSheet.obj
C:\Users\carlos.marchani\Documents\My Applications\CNL Examples\P10839\Pong\Pong\Debug\tTGAFileReader.obj
C:\Users\carlos.marchani\Documents\My Applications\CNL Examples\P10839\Pong\Pong\Debug\tWall.obj
C:\Users\carlos.marchani\Documents\My Applications\CNL Examples\P10839\Pong\Pong\Debug\cl.command.1.tlog
C:\Users\carlos.marchani\Documents\My Applications\CNL Examples\P10839\Pong\Pong\Debug\CL.read.1.tlog
C:\Users\carlos.marchani\Documents\My Applications\CNL Examples\P10839\Pong\Pong\Debug\CL.write.1.tlog
C:\Users\carlos.marchani\Documents\My Applications\CNL Examples\P10839\Pong\Pong\Debug\link-cvtres.read.1.tlog
C:\Users\carlos.marchani\Documents\My Applications\CNL Examples\P10839\Pong\Pong\Debug\link-cvtres.write.1.tlog
C:\Users\carlos.marchani\Documents\My Applications\CNL Examples\P10839\Pong\Pong\Debug\link-rc.read.1.tlog
C:\Users\carlos.marchani\Documents\My Applications\CNL Examples\P10839\Pong\Pong\Debug\link-rc.write.1.tlog
C:\Users\carlos.marchani\Documents\My Applications\CNL Examples\P10839\Pong\Pong\Debug\link.14752-cvtres.read.1.tlog
C:\Users\carlos.marchani\Documents\My Applications\CNL Examples\P10839\Pong\Pong\Debug\link.14752-cvtres.write.1.tlog
C:\Users\carlos.marchani\Documents\My Applications\CNL Examples\P10839\Pong\Pong\Debug\link.14752-rc.read.1.tlog
C:\Users\carlos.marchani\Documents\My Applications\CNL Examples\P10839\Pong\Pong\Debug\link.14752-rc.write.1.tlog
C:\Users\carlos.marchani\Documents\My Applications\CNL Examples\P10839\Pong\Pong\Debug\link.14752.read.1.tlog
C:\Users\carlos.marchani\Documents\My Applications\CNL Examples\P10839\Pong\Pong\Debug\link.14752.write.1.tlog
C:\Users\carlos.marchani\Documents\My Applications\CNL Examples\P10839\Pong\Pong\Debug\link.18744-cvtres.read.1.tlog
C:\Users\carlos.marchani\Documents\My Applications\CNL Examples\P10839\Pong\Pong\Debug\link.18744-cvtres.write.1.tlog
C:\Users\carlos.marchani\Documents\My Applications\CNL Examples\P10839\Pong\Pong\Debug\link.18744-rc.read.1.tlog
C:\Users\carlos.marchani\Documents\My Applications\CNL Examples\P10839\Pong\Pong\Debug\link.18744-rc.write.1.tlog
C:\Users\carlos.marchani\Documents\My Applications\CNL Examples\P10839\Pong\Pong\Debug\link.18744.read.1.tlog
C:\Users\carlos.marchani\Documents\My Applications\CNL Examples\P10839\Pong\Pong\Debug\link.18744.write.1.tlog
C:\Users\carlos.marchani\Documents\My Applications\CNL Examples\P10839\Pong\Pong\Debug\link.19576-cvtres.read.1.tlog
C:\Users\carlos.marchani\Documents\My Applications\CNL Examples\P10839\Pong\Pong\Debug\link.19576-cvtres.write.1.tlog
C:\Users\carlos.marchani\Documents\My Applications\CNL Examples\P10839\Pong\Pong\Debug\link.19576-rc.read.1.tlog
C:\Users\carlos.marchani\Documents\My Applications\CNL Examples\P10839\Pong\Pong\Debug\link.19576-rc.write.1.tlog
C:\Users\carlos.marchani\Documents\My Applications\CNL Examples\P10839\Pong\Pong\Debug\link.19576.read.1.tlog
C:\Users\carlos.marchani\Documents\My Applications\CNL Examples\P10839\Pong\Pong\Debug\link.19576.write.1.tlog
C:\Users\carlos.marchani\Documents\My Applications\CNL Examples\P10839\Pong\Pong\Debug\link.19908-cvtres.read.1.tlog
C:\Users\carlos.marchani\Documents\My Applications\CNL Examples\P10839\Pong\Pong\Debug\link.19908-cvtres.write.1.tlog
C:\Users\carlos.marchani\Documents\My Applications\CNL Examples\P10839\Pong\Pong\Debug\link.19908-rc.read.1.tlog
C:\Users\carlos.marchani\Documents\My Applications\CNL Examples\P10839\Pong\Pong\Debug\link.19908-rc.write.1.tlog
C:\Users\carlos.marchani\Documents\My Applications\CNL Examples\P10839\Pong\Pong\Debug\link.19908.read.1.tlog
C:\Users\carlos.marchani\Documents\My Applications\CNL Examples\P10839\Pong\Pong\Debug\link.19908.write.1.tlog
C:\Users\carlos.marchani\Documents\My Applications\CNL Examples\P10839\Pong\Pong\Debug\link.21612-cvtres.read.1.tlog
C:\Users\carlos.marchani\Documents\My Applications\CNL Examples\P10839\Pong\Pong\Debug\link.21612-cvtres.write.1.tlog
C:\Users\carlos.marchani\Documents\My Applications\CNL Examples\P10839\Pong\Pong\Debug\link.21612-rc.read.1.tlog
C:\Users\carlos.marchani\Documents\My Applications\CNL Examples\P10839\Pong\Pong\Debug\link.21612-rc.write.1.tlog
C:\Users\carlos.marchani\Documents\My Applications\CNL Examples\P10839\Pong\Pong\Debug\link.21612.read.1.tlog
C:\Users\carlos.marchani\Documents\My Applications\CNL Examples\P10839\Pong\Pong\Debug\link.21612.write.1.tlog
C:\Users\carlos.marchani\Documents\My Applications\CNL Examples\P10839\Pong\Pong\Debug\link.4612-cvtres.read.1.tlog
C:\Users\carlos.marchani\Documents\My Applications\CNL Examples\P10839\Pong\Pong\Debug\link.4612-cvtres.write.1.tlog
C:\Users\carlos.marchani\Documents\My Applications\CNL Examples\P10839\Pong\Pong\Debug\link.4612-rc.read.1.tlog
C:\Users\carlos.marchani\Documents\My Applications\CNL Examples\P10839\Pong\Pong\Debug\link.4612-rc.write.1.tlog
C:\Users\carlos.marchani\Documents\My Applications\CNL Examples\P10839\Pong\Pong\Debug\link.4612.read.1.tlog
C:\Users\carlos.marchani\Documents\My Applications\CNL Examples\P10839\Pong\Pong\Debug\link.4612.write.1.tlog
C:\Users\carlos.marchani\Documents\My Applications\CNL Examples\P10839\Pong\Pong\Debug\link.command.1.tlog
C:\Users\carlos.marchani\Documents\My Applications\CNL Examples\P10839\Pong\Pong\Debug\link.read.1.tlog
C:\Users\carlos.marchani\Documents\My Applications\CNL Examples\P10839\Pong\Pong\Debug\link.write.1.tlog
C:\Users\carlos.marchani\Documents\My Applications\CNL Examples\P10839\Pong\Pong\Debug\Pong.pch
C:\Users\carlos.marchani\Documents\My Applications\CNL Examples\P10839\Pong\Pong\Debug\vc110.idb
C:\Users\carlos.marchani\Documents\My Applications\CNL Examples\P10839\Pong\Pong\Debug\vc110.pdb
C:\Users\carlos.marchani\Documents\My Applications\CNL Examples\P10839\Pong\Debug\Pong.pdb
C:\Users\carlos.marchani\Documents\My Applications\CNL Examples\P10839\Pong\Debug\Pong.exe
C:\Users\carlos.marchani\Documents\My Applications\CNL Examples\P10839\Pong\Debug\Pong.ilk
