Build started 2/1/2015 9:37:21 AM.
     1>Project "C:\Users\Carlos\Documents\My Applications\Ray Tracer\Pong\Pong.vcxproj" on node 2 (Build target(s)).
     1>ClCompile:
         C:\Program Files (x86)\Microsoft Visual Studio 12.0\VC\bin\CL.exe /c /ZI /nologo /W3 /WX- /sdl /Od /Oy- /D WIN32 /D _DEBUG /D _CONSOLE /D _UNICODE /D UNICODE /D GLUT_BUILDING_LIB /Gm /EHsc /RTC1 /MDd /GS /fp:precise /Zc:wchar_t /Zc:forScope /Fo"Debug\\" /Fd"Debug\vc120.pdb" /Gd /TP /analyze- /errorReport:prompt "Game Controller\Maths.cpp" "Game Controller\tAmbientLight.cpp" "Game Controller\tBBox.cpp" "Game Controller\tBRDF.cpp" "Game Controller\tBTDF.cpp" "Game Controller\tColor.cpp" "Game Controller\tPerfectTransmitter.cpp" "Game Controller\tPointLight.cpp" "Game Controller\tGlossySpecular.cpp" "Game Controller\tLambertian.cpp" "Game Controller\tLight.cpp" "Game Controller\tMaterial.cpp" "Game Controller\tPerfectSpecular.cpp" "Game Controller\tPhong.cpp" "Game Controller\tPlane.cpp" "Game Controller\tPoint.cpp" "Game Controller\tPrimitive.cpp" "Game Controller\tRay.cpp" "Game Controller\tRayTracer.cpp" "Game Controller\tReflective.cpp" "Game Controller\tScene.cpp" "Game Controller\tShadeRecord.cpp" "Game Controller\tSphere.cpp" "Game Controller\tTorus.cpp" "Game Controller\tTransparent.cpp" "Game Controller\tVector.cpp" tViewPlane.cpp
         tViewPlane.cpp
         tVector.cpp
         tTransparent.cpp
         tTorus.cpp
         tSphere.cpp
         tShadeRecord.cpp
         tScene.cpp
         tReflective.cpp
         tRayTracer.cpp
         tRay.cpp
         tPrimitive.cpp
         tPoint.cpp
         tPlane.cpp
         tPhong.cpp
         tPerfectSpecular.cpp
         tMaterial.cpp
         tLight.cpp
         tLambertian.cpp
         tGlossySpecular.cpp
         tPointLight.cpp
         Generating Code...
         Compiling...
         tPerfectTransmitter.cpp
         tColor.cpp
         tBTDF.cpp
         tBRDF.cpp
         tBBox.cpp
         tAmbientLight.cpp
         Maths.cpp
         Generating Code...
       Link:
         C:\Program Files (x86)\Microsoft Visual Studio 12.0\VC\bin\link.exe /ERRORREPORT:PROMPT /OUT:"C:\Users\Carlos\Documents\My Applications\Ray Tracer\Debug\RayTracer.exe" /INCREMENTAL /NOLOGO opengl32.lib glut32.lib glu32.lib kernel32.lib user32.lib gdi32.lib winspool.lib comdlg32.lib advapi32.lib shell32.lib ole32.lib oleaut32.lib uuid.lib odbc32.lib odbccp32.lib /MANIFEST /MANIFESTUAC:"level='asInvoker' uiAccess='false'" /manifest:embed /DEBUG /PDB:"C:\Users\Carlos\Documents\My Applications\Ray Tracer\Debug\RayTracer.pdb" /SUBSYSTEM:CONSOLE /TLBID:1 /DYNAMICBASE /NXCOMPAT /IMPLIB:"C:\Users\Carlos\Documents\My Applications\Ray Tracer\Debug\RayTracer.lib" /MACHINE:X86 Debug\Maths.obj
         Debug\tAmbientLight.obj
         Debug\tBBox.obj
         Debug\tBRDF.obj
         Debug\tBTDF.obj
         Debug\tColor.obj
         Debug\tPerfectTransmitter.obj
         Debug\tPointLight.obj
         Debug\tGlossySpecular.obj
         Debug\tLambertian.obj
         Debug\tLight.obj
         Debug\tMaterial.obj
         Debug\tPerfectSpecular.obj
         Debug\tPhong.obj
         Debug\tPlane.obj
         Debug\tPoint.obj
         Debug\tPrimitive.obj
         Debug\tRay.obj
         Debug\tRayTracer.obj
         Debug\tReflective.obj
         Debug\tScene.obj
         Debug\tShadeRecord.obj
         Debug\tSphere.obj
         Debug\tTorus.obj
         Debug\tTransparent.obj
         Debug\tVector.obj
         Debug\tViewPlane.obj
         Pong.vcxproj -> C:\Users\Carlos\Documents\My Applications\Ray Tracer\Debug\RayTracer.exe
     1>Done Building Project "C:\Users\Carlos\Documents\My Applications\Ray Tracer\Pong\Pong.vcxproj" (Build target(s)).

Build succeeded.

Time Elapsed 00:00:02.32
