Build started 2/1/2015 11:55:18 AM.
     1>Project "C:\Users\Carlos\Documents\My Applications\Ray Tracer\Ray Tracer\Ray Tracer.vcxproj" on node 2 (Build target(s)).
     1>ClCompile:
         C:\Program Files (x86)\Microsoft Visual Studio 12.0\VC\bin\CL.exe /c /ZI /nologo /W3 /WX- /sdl /Od /Oy- /D WIN32 /D _DEBUG /D _CONSOLE /D _UNICODE /D UNICODE /D GLUT_BUILDING_LIB /Gm /EHsc /RTC1 /MDd /GS /fp:precise /Zc:wchar_t /Zc:forScope /Fo"Debug\\" /Fd"Debug\vc120.pdb" /Gd /TP /analyze- /errorReport:prompt BRDFs\tBRDF.cpp BRDFs\tGlossySpecular.cpp BRDFs\tLambertian.cpp BRDFs\tPerfectSpecular.cpp BTDFs\tBTDF.cpp BTDFs\tPerfectTransmitter.cpp "Game Controller\Maths.cpp" "Game Controller\tColor.cpp" "Game Controller\tPoint.cpp" "Game Controller\tRay.cpp" "Game Controller\tRayTracer.cpp" "Game Controller\tScene.cpp" "Game Controller\tShadeRecord.cpp" "Game Controller\tVector.cpp" Lights\tAmbientLight.cpp Lights\tLight.cpp Lights\tPointLight.cpp Materials\tMaterial.cpp Materials\tPhong.cpp Materials\tReflective.cpp Materials\tTransparent.cpp Primitives\tBBox.cpp Primitives\tPlane.cpp Primitives\tPrimitive.cpp Primitives\tSphere.cpp Primitives\tTorus.cpp tViewPlane.cpp
         tViewPlane.cpp
         tTorus.cpp
         tSphere.cpp
         tPrimitive.cpp
         tPlane.cpp
         tBBox.cpp
         tTransparent.cpp
         tReflective.cpp
         tPhong.cpp
         tMaterial.cpp
         tPointLight.cpp
         tLight.cpp
         tAmbientLight.cpp
         tVector.cpp
         tShadeRecord.cpp
         tScene.cpp
         tRayTracer.cpp
         tRay.cpp
         tPoint.cpp
         tColor.cpp
         Generating Code...
         Compiling...
         Maths.cpp
         tPerfectTransmitter.cpp
         tBTDF.cpp
         tPerfectSpecular.cpp
         tLambertian.cpp
         tGlossySpecular.cpp
         tBRDF.cpp
         Generating Code...
       Link:
         C:\Program Files (x86)\Microsoft Visual Studio 12.0\VC\bin\link.exe /ERRORREPORT:PROMPT /OUT:"C:\Users\Carlos\Documents\My Applications\Ray Tracer\Debug\RayTracer.exe" /INCREMENTAL /NOLOGO opengl32.lib glut32.lib glu32.lib kernel32.lib user32.lib gdi32.lib winspool.lib comdlg32.lib advapi32.lib shell32.lib ole32.lib oleaut32.lib uuid.lib odbc32.lib odbccp32.lib /MANIFEST /MANIFESTUAC:"level='asInvoker' uiAccess='false'" /manifest:embed /DEBUG /PDB:"C:\Users\Carlos\Documents\My Applications\Ray Tracer\Debug\RayTracer.pdb" /SUBSYSTEM:CONSOLE /TLBID:1 /DYNAMICBASE /NXCOMPAT /IMPLIB:"C:\Users\Carlos\Documents\My Applications\Ray Tracer\Debug\RayTracer.lib" /MACHINE:X86 Debug\tBRDF.obj
         Debug\tGlossySpecular.obj
         Debug\tLambertian.obj
         Debug\tPerfectSpecular.obj
         Debug\tBTDF.obj
         Debug\tPerfectTransmitter.obj
         Debug\Maths.obj
         Debug\tColor.obj
         Debug\tPoint.obj
         Debug\tRay.obj
         Debug\tRayTracer.obj
         Debug\tScene.obj
         Debug\tShadeRecord.obj
         Debug\tVector.obj
         Debug\tAmbientLight.obj
         Debug\tLight.obj
         Debug\tPointLight.obj
         Debug\tMaterial.obj
         Debug\tPhong.obj
         Debug\tReflective.obj
         Debug\tTransparent.obj
         Debug\tBBox.obj
         Debug\tPlane.obj
         Debug\tPrimitive.obj
         Debug\tSphere.obj
         Debug\tTorus.obj
         Debug\tViewPlane.obj
         Ray Tracer.vcxproj -> C:\Users\Carlos\Documents\My Applications\Ray Tracer\Debug\RayTracer.exe
     1>Done Building Project "C:\Users\Carlos\Documents\My Applications\Ray Tracer\Ray Tracer\Ray Tracer.vcxproj" (Build target(s)).

Build succeeded.

Time Elapsed 00:00:02.12
