C:\USERS\CARLOS.MARCHANI\DOCUMENTS\MY APPLICATIONS\CNL EXAMPLES\P10839\PONG\PONG\RELEASE\TWALL.OBJ
C:\USERS\CARLOS.MARCHANI\DOCUMENTS\MY APPLICATIONS\CNL EXAMPLES\P10839\PONG\PONG\RELEASE\TPADDLE.OBJ
C:\USERS\CARLOS.MARCHANI\DOCUMENTS\MY APPLICATIONS\CNL EXAMPLES\P10839\PONG\PONG\RELEASE\TMODEL.OBJ
C:\USERS\CARLOS.MARCHANI\DOCUMENTS\MY APPLICATIONS\CNL EXAMPLES\P10839\PONG\PONG\RELEASE\TGAMESCENE.OBJ
C:\USERS\CARLOS.MARCHANI\DOCUMENTS\MY APPLICATIONS\CNL EXAMPLES\P10839\PONG\PONG\RELEASE\TBALL.OBJ
C:\USERS\CARLOS.MARCHANI\DOCUMENTS\MY APPLICATIONS\CNL EXAMPLES\P10839\PONG\PONG\RELEASE\TSPRITESHEET.OBJ
C:\USERS\CARLOS.MARCHANI\DOCUMENTS\MY APPLICATIONS\CNL EXAMPLES\P10839\PONG\PONG\RELEASE\TTEXTUREMANAGER.OBJ
C:\USERS\CARLOS.MARCHANI\DOCUMENTS\MY APPLICATIONS\CNL EXAMPLES\P10839\PONG\PONG\RELEASE\TIMAGERENDERMANAGER.OBJ
C:\USERS\CARLOS.MARCHANI\DOCUMENTS\MY APPLICATIONS\CNL EXAMPLES\P10839\PONG\PONG\RELEASE\TTGAFILEREADER.OBJ
C:\USERS\CARLOS.MARCHANI\DOCUMENTS\MY APPLICATIONS\CNL EXAMPLES\P10839\PONG\PONG\RELEASE\TTEXTURE2D.OBJ
C:\USERS\CARLOS.MARCHANI\DOCUMENTS\MY APPLICATIONS\CNL EXAMPLES\P10839\PONG\PONG\RELEASE\LODEPNG.OBJ
C:\USERS\CARLOS.MARCHANI\DOCUMENTS\MY APPLICATIONS\CNL EXAMPLES\P10839\PONG\PONG\RELEASE\TIMAGE.OBJ
C:\USERS\CARLOS.MARCHANI\DOCUMENTS\MY APPLICATIONS\CNL EXAMPLES\P10839\PONG\PONG\RELEASE\TBITMAPFONT.OBJ
C:\USERS\CARLOS.MARCHANI\DOCUMENTS\MY APPLICATIONS\CNL EXAMPLES\P10839\PONG\PONG\RELEASE\TGAMECONTROLLER.OBJ
C:\USERS\CARLOS.MARCHANI\DOCUMENTS\MY APPLICATIONS\CNL EXAMPLES\P10839\PONG\PONG\RELEASE\VC110.PDB
C:\USERS\CARLOS.MARCHANI\DOCUMENTS\MY APPLICATIONS\CNL EXAMPLES\P10839\PONG\RELEASE\PONG.EXE
C:\USERS\CARLOS.MARCHANI\DOCUMENTS\MY APPLICATIONS\CNL EXAMPLES\P10839\PONG\RELEASE\PONG.PDB
C:\Users\carlos.marchani\Documents\My Applications\CNL Examples\P10839\Pong\Pong\Release\lodepng.obj
C:\Users\carlos.marchani\Documents\My Applications\CNL Examples\P10839\Pong\Pong\Release\tBall.obj
C:\Users\carlos.marchani\Documents\My Applications\CNL Examples\P10839\Pong\Pong\Release\tBitmapFont.obj
C:\Users\carlos.marchani\Documents\My Applications\CNL Examples\P10839\Pong\Pong\Release\tGameController.obj
C:\Users\carlos.marchani\Documents\My Applications\CNL Examples\P10839\Pong\Pong\Release\tGameScene.obj
C:\Users\carlos.marchani\Documents\My Applications\CNL Examples\P10839\Pong\Pong\Release\tImage.obj
C:\Users\carlos.marchani\Documents\My Applications\CNL Examples\P10839\Pong\Pong\Release\tImageRenderManager.obj
C:\Users\carlos.marchani\Documents\My Applications\CNL Examples\P10839\Pong\Pong\Release\tModel.obj
C:\Users\carlos.marchani\Documents\My Applications\CNL Examples\P10839\Pong\Pong\Release\tPaddle.obj
C:\Users\carlos.marchani\Documents\My Applications\CNL Examples\P10839\Pong\Pong\Release\tSpriteSheet.obj
C:\Users\carlos.marchani\Documents\My Applications\CNL Examples\P10839\Pong\Pong\Release\tTexture2D.obj
C:\Users\carlos.marchani\Documents\My Applications\CNL Examples\P10839\Pong\Pong\Release\tTextureManager.obj
C:\Users\carlos.marchani\Documents\My Applications\CNL Examples\P10839\Pong\Pong\Release\tTGAFileReader.obj
C:\Users\carlos.marchani\Documents\My Applications\CNL Examples\P10839\Pong\Pong\Release\tWall.obj
C:\Users\carlos.marchani\Documents\My Applications\CNL Examples\P10839\Pong\Pong\Release\cl.command.1.tlog
C:\Users\carlos.marchani\Documents\My Applications\CNL Examples\P10839\Pong\Pong\Release\CL.read.1.tlog
C:\Users\carlos.marchani\Documents\My Applications\CNL Examples\P10839\Pong\Pong\Release\CL.write.1.tlog
C:\Users\carlos.marchani\Documents\My Applications\CNL Examples\P10839\Pong\Pong\Release\link-cvtres.read.1.tlog
C:\Users\carlos.marchani\Documents\My Applications\CNL Examples\P10839\Pong\Pong\Release\link-cvtres.write.1.tlog
C:\Users\carlos.marchani\Documents\My Applications\CNL Examples\P10839\Pong\Pong\Release\link-rc.read.1.tlog
C:\Users\carlos.marchani\Documents\My Applications\CNL Examples\P10839\Pong\Pong\Release\link-rc.write.1.tlog
C:\Users\carlos.marchani\Documents\My Applications\CNL Examples\P10839\Pong\Pong\Release\link.command.1.tlog
C:\Users\carlos.marchani\Documents\My Applications\CNL Examples\P10839\Pong\Pong\Release\link.read.1.tlog
C:\Users\carlos.marchani\Documents\My Applications\CNL Examples\P10839\Pong\Pong\Release\link.write.1.tlog
C:\Users\carlos.marchani\Documents\My Applications\CNL Examples\P10839\Pong\Pong\Release\vc110.pdb
C:\Users\carlos.marchani\Documents\My Applications\CNL Examples\P10839\Pong\Release\Pong.pdb
C:\Users\carlos.marchani\Documents\My Applications\CNL Examples\P10839\Pong\Release\Pong.exe
