Build started 10/7/2014 2:31:38 PM.
     1>Project "C:\Users\carlos.marchani\Documents\My Applications\CNL Examples\P10839\Pong\Pong\Pong.vcxproj" on node 2 (Build target(s)).
     1>ClCompile:
         C:\Program Files (x86)\Microsoft Visual Studio 11.0\VC\bin\CL.exe /c /Zi /nologo /W3 /WX- /sdl /O2 /Oi /Oy- /GL /D WIN32 /D NDEBUG /D _CONSOLE /D _UNICODE /D UNICODE /Gm- /EHsc /MD /GS /Gy /fp:precise /Zc:wchar_t /Zc:forScope /Fo"Release\\" /Fd"Release\vc110.pdb" /Gd /TP /analyze- /errorReport:prompt "Game Controller\tGameController.cpp" "Game Engine\Bitmap Font\tBitmapFont.cpp" "Game Engine\Image\tImage.cpp" "Game Engine\Image\Texture2D\lodepng.cpp" "Game Engine\Image\Texture2D\tTexture2D.cpp" "Game Engine\Image\Texture2D\tTGAFileReader.cpp" "Game Engine\Managers\Image Render Manager\tImageRenderManager.cpp" "Game Engine\Managers\Texture Manager\tTextureManager.cpp" "Game Engine\Sprite Sheet\tSpriteSheet.cpp" "Game Scenes\Game\tBall.cpp" "Game Scenes\Game\tGameScene.cpp" "Game Scenes\Game\tModel.cpp" "Game Scenes\Game\tPaddle.cpp" "Game Scenes\Game\tWall.cpp"
         tGameController.cpp
         tBitmapFont.cpp
         tImage.cpp
         lodepng.cpp
         tTexture2D.cpp
         tTGAFileReader.cpp
         tImageRenderManager.cpp
         tTextureManager.cpp
         tSpriteSheet.cpp
         tBall.cpp
         tGameScene.cpp
         tModel.cpp
         tPaddle.cpp
         tWall.cpp
       Link:
         C:\Program Files (x86)\Microsoft Visual Studio 11.0\VC\bin\link.exe /ERRORREPORT:PROMPT /OUT:"C:\Users\carlos.marchani\Documents\My Applications\CNL Examples\P10839\Pong\Release\Pong.exe" /INCREMENTAL:NO /NOLOGO kernel32.lib user32.lib gdi32.lib winspool.lib comdlg32.lib advapi32.lib shell32.lib ole32.lib oleaut32.lib uuid.lib odbc32.lib odbccp32.lib /MANIFEST /MANIFESTUAC:"level='asInvoker' uiAccess='false'" /manifest:embed /DEBUG /PDB:"C:\Users\carlos.marchani\Documents\My Applications\CNL Examples\P10839\Pong\Release\Pong.pdb" /SUBSYSTEM:CONSOLE /OPT:REF /OPT:ICF /LTCG /TLBID:1 /DYNAMICBASE /NXCOMPAT /IMPLIB:"C:\Users\carlos.marchani\Documents\My Applications\CNL Examples\P10839\Pong\Release\Pong.lib" /MACHINE:X86 /SAFESEH Release\tGameController.obj
         Release\tBitmapFont.obj
         Release\tImage.obj
         Release\lodepng.obj
         Release\tTexture2D.obj
         Release\tTGAFileReader.obj
         Release\tImageRenderManager.obj
         Release\tTextureManager.obj
         Release\tSpriteSheet.obj
         Release\tBall.obj
         Release\tGameScene.obj
         Release\tModel.obj
         Release\tPaddle.obj
         Release\tWall.obj
         Generating code
         Finished generating code
         Pong.vcxproj -> C:\Users\carlos.marchani\Documents\My Applications\CNL Examples\P10839\Pong\Release\Pong.exe
     1>Done Building Project "C:\Users\carlos.marchani\Documents\My Applications\CNL Examples\P10839\Pong\Pong\Pong.vcxproj" (Build target(s)).

Build succeeded.

Time Elapsed 00:00:16.07
